#
# There is insufficient memory for the Java Runtime Environment to continue.
# Native memory allocation (malloc) failed to allocate 407280 bytes for Chunk::new
# Possible reasons:
#   The system is out of physical RAM or swap space
#   The process is running with CompressedOops enabled, and the Java Heap may be blocking the growth of the native heap
# Possible solutions:
#   Reduce memory load on the system
#   Increase physical memory or swap space
#   Check if swap backing store is full
#   Decrease Java heap size (-Xmx/-Xms)
#   Decrease number of Java threads
#   Decrease Java thread stack sizes (-Xss)
#   Set larger code cache with -XX:ReservedCodeCacheSize=
#   JVM is running with Zero Based Compressed Oops mode in which the Java heap is
#     placed in the first 32GB address space. The Java Heap base address is the
#     maximum limit for the native heap growth. Please use -XX:HeapBaseMinAddress
#     to set the Java Heap base and to place the Java Heap above 32GB virtual address.
# This output file may be truncated or incomplete.
#
#  Out of Memory Error (arena.cpp:184), pid=23064, tid=10728
#
# JRE version: OpenJDK Runtime Environment (19.0+36) (build 19+36-2238)
# Java VM: OpenJDK 64-Bit Server VM (19+36-2238, mixed mode, sharing, tiered, compressed oops, compressed class ptrs, g1 gc, windows-amd64)
# No core dump will be written. Minidumps are not enabled by default on client versions of Windows
#

---------------  S U M M A R Y ------------

Command Line: -ea -Didea.test.cyclic.buffer.size=1048576 -javaagent:C:\Program Files\JetBrains\IntelliJ IDEA Community Edition 2022.2.3\lib\idea_rt.jar=49744:C:\Program Files\JetBrains\IntelliJ IDEA Community Edition 2022.2.3\bin -Dfile.encoding=UTF-8 -Dsun.stdout.encoding=UTF-8 -Dsun.stderr.encoding=UTF-8 com.intellij.rt.testng.RemoteTestNGStarter -usedefaultlisteners false -socket49743 @w@C:\Users\Home\AppData\Local\Temp\idea_working_dirs_testng.tmp -temp C:\Users\Home\AppData\Local\Temp\idea_testng.tmp

Host: AMD Ryzen 7 5800H with Radeon Graphics         , 16 cores, 15G,  Windows 11 , 64 bit Build 22621 (10.0.22621.1105)
Time: Fri Feb 10 16:21:22 2023 GMT Standard Time elapsed time: 0.697691 seconds (0d 0h 0m 0s)

---------------  T H R E A D  ---------------

Current thread (0x0000022a6dfa2d20):  JavaThread "C2 CompilerThread4" daemon [_thread_in_native, id=10728, stack(0x000000e3f7c00000,0x000000e3f7d00000)]


Current CompileTask:
C2:    697 1908   !   4       java.util.concurrent.ConcurrentHashMap::transfer (849 bytes)

Stack: [0x000000e3f7c00000,0x000000e3f7d00000]
Native frames: (J=compiled Java code, j=interpreted, Vv=VM code, C=native code)
V  [jvm.dll+0x6ee8fa]
V  [jvm.dll+0x857a1e]
V  [jvm.dll+0x85940e]
V  [jvm.dll+0x859ac3]
V  [jvm.dll+0x28291f]
V  [jvm.dll+0xc9b5f]
V  [jvm.dll+0xc9ee5]
V  [jvm.dll+0x3bcbac]
V  [jvm.dll+0x386201]
V  [jvm.dll+0x38567a]
V  [jvm.dll+0x24c2c9]
V  [jvm.dll+0x24b671]
V  [jvm.dll+0x1d6d61]
V  [jvm.dll+0x25b0fa]
V  [jvm.dll+0x259588]
V  [jvm.dll+0x807928]
V  [jvm.dll+0x8015fa]
V  [jvm.dll+0x6ed5eb]
C  [ucrtbase.dll+0x29363]
C  [KERNEL32.DLL+0x126bd]
C  [ntdll.dll+0x5dfb8]


---------------  P R O C E S S  ---------------

Threads class SMR info:
_java_thread_list=0x0000022a6dec9fa0, length=20, elements={
0x0000022a44ea0c70, 0x0000022a68557330, 0x0000022a68557c60, 0x0000022a68560850,
0x0000022a68561180, 0x0000022a685620c0, 0x0000022a685629f0, 0x0000022a68576400,
0x0000022a68576d70, 0x0000022a6cc21490, 0x0000022a6852f1b0, 0x0000022a6cd2c490,
0x0000022a6cd2ca10, 0x0000022a6cd31860, 0x0000022a6ce98a80, 0x0000022a6ce98fc0,
0x0000022a6cffe9e0, 0x0000022a6cfc17f0, 0x0000022a6df0a7c0, 0x0000022a6dfa2d20
}

Java Threads: ( => current thread )
  0x0000022a44ea0c70 JavaThread "main" [_thread_in_vm, id=10108, stack(0x000000e3f5c00000,0x000000e3f5d00000)]
  0x0000022a68557330 JavaThread "Reference Handler" daemon [_thread_blocked, id=21524, stack(0x000000e3f6300000,0x000000e3f6400000)]
  0x0000022a68557c60 JavaThread "Finalizer" daemon [_thread_blocked, id=7112, stack(0x000000e3f6400000,0x000000e3f6500000)]
  0x0000022a68560850 JavaThread "Signal Dispatcher" daemon [_thread_blocked, id=19464, stack(0x000000e3f6500000,0x000000e3f6600000)]
  0x0000022a68561180 JavaThread "Attach Listener" daemon [_thread_blocked, id=18776, stack(0x000000e3f6600000,0x000000e3f6700000)]
  0x0000022a685620c0 JavaThread "Service Thread" daemon [_thread_blocked, id=13768, stack(0x000000e3f6700000,0x000000e3f6800000)]
  0x0000022a685629f0 JavaThread "Monitor Deflation Thread" daemon [_thread_blocked, id=4156, stack(0x000000e3f6800000,0x000000e3f6900000)]
  0x0000022a68576400 JavaThread "C2 CompilerThread0" daemon [_thread_blocked, id=24792, stack(0x000000e3f6900000,0x000000e3f6a00000)]
  0x0000022a68576d70 JavaThread "C1 CompilerThread0" daemon [_thread_blocked, id=27212, stack(0x000000e3f6a00000,0x000000e3f6b00000)]
  0x0000022a6cc21490 JavaThread "Sweeper thread" daemon [_thread_blocked, id=28644, stack(0x000000e3f6b00000,0x000000e3f6c00000)]
  0x0000022a6852f1b0 JavaThread "Common-Cleaner" daemon [_thread_blocked, id=21716, stack(0x000000e3f6c00000,0x000000e3f6d00000)]
  0x0000022a6cd2c490 JavaThread "C1 CompilerThread1" daemon [_thread_blocked, id=21556, stack(0x000000e3f6d00000,0x000000e3f6e00000)]
  0x0000022a6cd2ca10 JavaThread "C1 CompilerThread2" daemon [_thread_blocked, id=19848, stack(0x000000e3f6e00000,0x000000e3f6f00000)]
  0x0000022a6cd31860 JavaThread "C1 CompilerThread3" daemon [_thread_blocked, id=28572, stack(0x000000e3f6f00000,0x000000e3f7000000)]
  0x0000022a6ce98a80 JavaThread "Monitor Ctrl-Break" daemon [_thread_in_native, id=18584, stack(0x000000e3f7000000,0x000000e3f7100000)]
  0x0000022a6ce98fc0 JavaThread "Notification Thread" daemon [_thread_blocked, id=14660, stack(0x000000e3f7100000,0x000000e3f7200000)]
  0x0000022a6cffe9e0 JavaThread "C2 CompilerThread1" daemon [_thread_blocked, id=22900, stack(0x000000e3f7300000,0x000000e3f7400000)]
  0x0000022a6cfc17f0 JavaThread "C2 CompilerThread2" daemon [_thread_blocked, id=14200, stack(0x000000e3f7400000,0x000000e3f7500000)]
  0x0000022a6df0a7c0 JavaThread "C2 CompilerThread3" daemon [_thread_blocked, id=10384, stack(0x000000e3f7b00000,0x000000e3f7c00000)]
=>0x0000022a6dfa2d20 JavaThread "C2 CompilerThread4" daemon [_thread_in_native, id=10728, stack(0x000000e3f7c00000,0x000000e3f7d00000)]

Other Threads:
  0x0000022a6853e4e0 VMThread "VM Thread" [stack: 0x000000e3f6200000,0x000000e3f6300000] [id=19884]
  0x0000022a44ea1960 WatcherThread "VM Periodic Task Thread" [stack: 0x000000e3f7200000,0x000000e3f7300000] [id=21672]
  0x0000022a44f108e0 WorkerThread "GC Thread#0" [stack: 0x000000e3f5d00000,0x000000e3f5e00000] [id=9788]
  0x0000022a6d0d69e0 WorkerThread "GC Thread#1" [stack: 0x000000e3f7500000,0x000000e3f7600000] [id=23040]
  0x0000022a6d0d5bd0 WorkerThread "GC Thread#2" [stack: 0x000000e3f7600000,0x000000e3f7700000] [id=22288]
  0x0000022a6d0d5090 WorkerThread "GC Thread#3" [stack: 0x000000e3f7700000,0x000000e3f7800000] [id=14000]
  0x0000022a6d0d6170 WorkerThread "GC Thread#4" [stack: 0x000000e3f7800000,0x000000e3f7900000] [id=5700]
  0x0000022a6d0d5630 WorkerThread "GC Thread#5" [stack: 0x000000e3f7900000,0x000000e3f7a00000] [id=9628]
  0x0000022a6d0d5360 WorkerThread "GC Thread#6" [stack: 0x000000e3f7a00000,0x000000e3f7b00000] [id=16736]
  0x0000022a42dcdd60 ConcurrentGCThread "G1 Main Marker" [stack: 0x000000e3f5e00000,0x000000e3f5f00000] [id=11644]
  0x0000022a44f1d310 WorkerThread "G1 Conc#0" [stack: 0x000000e3f5f00000,0x000000e3f6000000] [id=26812]
  0x0000022a683fcea0 ConcurrentGCThread "G1 Refine#0" [stack: 0x000000e3f6000000,0x000000e3f6100000] [id=13660]
  0x0000022a683fe6a0 ConcurrentGCThread "G1 Service" [stack: 0x000000e3f6100000,0x000000e3f6200000] [id=13760]

Threads with active compile tasks:
C1 CompilerThread1      712 1965       3       java.util.regex.Matcher::find (69 bytes)
C1 CompilerThread2      712 1968       3       java.util.regex.Pattern$BmpCharPropertyGreedy::match (89 bytes)
C2 CompilerThread4      712 1908   !   4       java.util.concurrent.ConcurrentHashMap::transfer (849 bytes)

VM state: not at safepoint (normal execution)

VM Mutex/Monitor currently owned by a thread: None

Heap address: 0x0000000709800000, size: 3944 MB, Compressed Oops mode: Zero based, Oop shift amount: 3

CDS archive(s) mapped at: [0x0000000800000000-0x0000000800c40000-0x0000000800c40000), size 12845056, SharedBaseAddress: 0x0000000800000000, ArchiveRelocationMode: 0.
Compressed class space mapped at: 0x0000000801000000-0x0000000841000000, reserved size: 1073741824
Narrow klass base: 0x0000000800000000, Narrow klass shift: 0, Narrow klass range: 0x100000000

GC Precious Log:
 CardTable entry size: 512
 Card Set container configuration: InlinePtr #cards 4 size 8 Array Of Cards #cards 8 size 32 Howl #buckets 8 coarsen threshold 3686 Howl Bitmap #cards 512 size 80 coarsen threshold 460 Card regions per heap region 1 cards per card region 4096
 CPUs: 16 total, 16 available
 Memory: 15775M
 Large Page Support: Disabled
 NUMA Support: Disabled
 Compressed Oops: Enabled (Zero based)
 Heap Region Size: 2M
 Heap Min Capacity: 8M
 Heap Initial Capacity: 248M
 Heap Max Capacity: 3944M
 Pre-touch: Disabled
 Parallel Workers: 13
 Concurrent Workers: 3
 Concurrent Refinement Workers: 13
 Periodic GC: Disabled

Heap:
 garbage-first heap   total 253952K, used 19719K [0x0000000709800000, 0x0000000800000000)
  region size 2048K, 10 young (20480K), 2 survivors (4096K)
 Metaspace       used 10825K, committed 11136K, reserved 1114112K
  class space    used 1171K, committed 1344K, reserved 1048576K

Heap Regions: E=young(eden), S=young(survivor), O=old, HS=humongous(starts), HC=humongous(continues), CS=collection set, F=free, OA=open archive, CA=closed archive, TAMS=top-at-mark-start (previous, next)
|   0|0x0000000709800000, 0x0000000709941c00, 0x0000000709a00000| 62%| O|  |TAMS 0x0000000709800000, 0x0000000709800000| Untracked 
|   1|0x0000000709a00000, 0x0000000709a00000, 0x0000000709c00000|  0%| F|  |TAMS 0x0000000709a00000, 0x0000000709a00000| Untracked 
|   2|0x0000000709c00000, 0x0000000709c00000, 0x0000000709e00000|  0%| F|  |TAMS 0x0000000709c00000, 0x0000000709c00000| Untracked 
|   3|0x0000000709e00000, 0x0000000709e00000, 0x000000070a000000|  0%| F|  |TAMS 0x0000000709e00000, 0x0000000709e00000| Untracked 
|   4|0x000000070a000000, 0x000000070a000000, 0x000000070a200000|  0%| F|  |TAMS 0x000000070a000000, 0x000000070a000000| Untracked 
|   5|0x000000070a200000, 0x000000070a200000, 0x000000070a400000|  0%| F|  |TAMS 0x000000070a200000, 0x000000070a200000| Untracked 
|   6|0x000000070a400000, 0x000000070a400000, 0x000000070a600000|  0%| F|  |TAMS 0x000000070a400000, 0x000000070a400000| Untracked 
|   7|0x000000070a600000, 0x000000070a600000, 0x000000070a800000|  0%| F|  |TAMS 0x000000070a600000, 0x000000070a600000| Untracked 
|   8|0x000000070a800000, 0x000000070a800000, 0x000000070aa00000|  0%| F|  |TAMS 0x000000070a800000, 0x000000070a800000| Untracked 
|   9|0x000000070aa00000, 0x000000070aa00000, 0x000000070ac00000|  0%| F|  |TAMS 0x000000070aa00000, 0x000000070aa00000| Untracked 
|  10|0x000000070ac00000, 0x000000070ac00000, 0x000000070ae00000|  0%| F|  |TAMS 0x000000070ac00000, 0x000000070ac00000| Untracked 
|  11|0x000000070ae00000, 0x000000070ae00000, 0x000000070b000000|  0%| F|  |TAMS 0x000000070ae00000, 0x000000070ae00000| Untracked 
|  12|0x000000070b000000, 0x000000070b000000, 0x000000070b200000|  0%| F|  |TAMS 0x000000070b000000, 0x000000070b000000| Untracked 
|  13|0x000000070b200000, 0x000000070b200000, 0x000000070b400000|  0%| F|  |TAMS 0x000000070b200000, 0x000000070b200000| Untracked 
|  14|0x000000070b400000, 0x000000070b400000, 0x000000070b600000|  0%| F|  |TAMS 0x000000070b400000, 0x000000070b400000| Untracked 
|  15|0x000000070b600000, 0x000000070b600000, 0x000000070b800000|  0%| F|  |TAMS 0x000000070b600000, 0x000000070b600000| Untracked 
|  16|0x000000070b800000, 0x000000070b800000, 0x000000070ba00000|  0%| F|  |TAMS 0x000000070b800000, 0x000000070b800000| Untracked 
|  17|0x000000070ba00000, 0x000000070ba00000, 0x000000070bc00000|  0%| F|  |TAMS 0x000000070ba00000, 0x000000070ba00000| Untracked 
|  18|0x000000070bc00000, 0x000000070bc00000, 0x000000070be00000|  0%| F|  |TAMS 0x000000070bc00000, 0x000000070bc00000| Untracked 
|  19|0x000000070be00000, 0x000000070be00000, 0x000000070c000000|  0%| F|  |TAMS 0x000000070be00000, 0x000000070be00000| Untracked 
|  20|0x000000070c000000, 0x000000070c000000, 0x000000070c200000|  0%| F|  |TAMS 0x000000070c000000, 0x000000070c000000| Untracked 
|  21|0x000000070c200000, 0x000000070c200000, 0x000000070c400000|  0%| F|  |TAMS 0x000000070c200000, 0x000000070c200000| Untracked 
|  22|0x000000070c400000, 0x000000070c400000, 0x000000070c600000|  0%| F|  |TAMS 0x000000070c400000, 0x000000070c400000| Untracked 
|  23|0x000000070c600000, 0x000000070c600000, 0x000000070c800000|  0%| F|  |TAMS 0x000000070c600000, 0x000000070c600000| Untracked 
|  24|0x000000070c800000, 0x000000070c800000, 0x000000070ca00000|  0%| F|  |TAMS 0x000000070c800000, 0x000000070c800000| Untracked 
|  25|0x000000070ca00000, 0x000000070ca00000, 0x000000070cc00000|  0%| F|  |TAMS 0x000000070ca00000, 0x000000070ca00000| Untracked 
|  26|0x000000070cc00000, 0x000000070cc00000, 0x000000070ce00000|  0%| F|  |TAMS 0x000000070cc00000, 0x000000070cc00000| Untracked 
|  27|0x000000070ce00000, 0x000000070ce00000, 0x000000070d000000|  0%| F|  |TAMS 0x000000070ce00000, 0x000000070ce00000| Untracked 
|  28|0x000000070d000000, 0x000000070d000000, 0x000000070d200000|  0%| F|  |TAMS 0x000000070d000000, 0x000000070d000000| Untracked 
|  29|0x000000070d200000, 0x000000070d200000, 0x000000070d400000|  0%| F|  |TAMS 0x000000070d200000, 0x000000070d200000| Untracked 
|  30|0x000000070d400000, 0x000000070d400000, 0x000000070d600000|  0%| F|  |TAMS 0x000000070d400000, 0x000000070d400000| Untracked 
|  31|0x000000070d600000, 0x000000070d600000, 0x000000070d800000|  0%| F|  |TAMS 0x000000070d600000, 0x000000070d600000| Untracked 
|  32|0x000000070d800000, 0x000000070d800000, 0x000000070da00000|  0%| F|  |TAMS 0x000000070d800000, 0x000000070d800000| Untracked 
|  33|0x000000070da00000, 0x000000070da00000, 0x000000070dc00000|  0%| F|  |TAMS 0x000000070da00000, 0x000000070da00000| Untracked 
|  34|0x000000070dc00000, 0x000000070dc00000, 0x000000070de00000|  0%| F|  |TAMS 0x000000070dc00000, 0x000000070dc00000| Untracked 
|  35|0x000000070de00000, 0x000000070de00000, 0x000000070e000000|  0%| F|  |TAMS 0x000000070de00000, 0x000000070de00000| Untracked 
|  36|0x000000070e000000, 0x000000070e000000, 0x000000070e200000|  0%| F|  |TAMS 0x000000070e000000, 0x000000070e000000| Untracked 
|  37|0x000000070e200000, 0x000000070e200000, 0x000000070e400000|  0%| F|  |TAMS 0x000000070e200000, 0x000000070e200000| Untracked 
|  38|0x000000070e400000, 0x000000070e400000, 0x000000070e600000|  0%| F|  |TAMS 0x000000070e400000, 0x000000070e400000| Untracked 
|  39|0x000000070e600000, 0x000000070e600000, 0x000000070e800000|  0%| F|  |TAMS 0x000000070e600000, 0x000000070e600000| Untracked 
|  40|0x000000070e800000, 0x000000070e800000, 0x000000070ea00000|  0%| F|  |TAMS 0x000000070e800000, 0x000000070e800000| Untracked 
|  41|0x000000070ea00000, 0x000000070ea00000, 0x000000070ec00000|  0%| F|  |TAMS 0x000000070ea00000, 0x000000070ea00000| Untracked 
|  42|0x000000070ec00000, 0x000000070ec00000, 0x000000070ee00000|  0%| F|  |TAMS 0x000000070ec00000, 0x000000070ec00000| Untracked 
|  43|0x000000070ee00000, 0x000000070ee00000, 0x000000070f000000|  0%| F|  |TAMS 0x000000070ee00000, 0x000000070ee00000| Untracked 
|  44|0x000000070f000000, 0x000000070f000000, 0x000000070f200000|  0%| F|  |TAMS 0x000000070f000000, 0x000000070f000000| Untracked 
|  45|0x000000070f200000, 0x000000070f200000, 0x000000070f400000|  0%| F|  |TAMS 0x000000070f200000, 0x000000070f200000| Untracked 
|  46|0x000000070f400000, 0x000000070f400000, 0x000000070f600000|  0%| F|  |TAMS 0x000000070f400000, 0x000000070f400000| Untracked 
|  47|0x000000070f600000, 0x000000070f600000, 0x000000070f800000|  0%| F|  |TAMS 0x000000070f600000, 0x000000070f600000| Untracked 
|  48|0x000000070f800000, 0x000000070f800000, 0x000000070fa00000|  0%| F|  |TAMS 0x000000070f800000, 0x000000070f800000| Untracked 
|  49|0x000000070fa00000, 0x000000070fa00000, 0x000000070fc00000|  0%| F|  |TAMS 0x000000070fa00000, 0x000000070fa00000| Untracked 
|  50|0x000000070fc00000, 0x000000070fc00000, 0x000000070fe00000|  0%| F|  |TAMS 0x000000070fc00000, 0x000000070fc00000| Untracked 
|  51|0x000000070fe00000, 0x000000070fe00000, 0x0000000710000000|  0%| F|  |TAMS 0x000000070fe00000, 0x000000070fe00000| Untracked 
|  52|0x0000000710000000, 0x0000000710000000, 0x0000000710200000|  0%| F|  |TAMS 0x0000000710000000, 0x0000000710000000| Untracked 
|  53|0x0000000710200000, 0x0000000710200000, 0x0000000710400000|  0%| F|  |TAMS 0x0000000710200000, 0x0000000710200000| Untracked 
|  54|0x0000000710400000, 0x0000000710400000, 0x0000000710600000|  0%| F|  |TAMS 0x0000000710400000, 0x0000000710400000| Untracked 
|  55|0x0000000710600000, 0x0000000710600000, 0x0000000710800000|  0%| F|  |TAMS 0x0000000710600000, 0x0000000710600000| Untracked 
|  56|0x0000000710800000, 0x0000000710800000, 0x0000000710a00000|  0%| F|  |TAMS 0x0000000710800000, 0x0000000710800000| Untracked 
|  57|0x0000000710a00000, 0x0000000710a00000, 0x0000000710c00000|  0%| F|  |TAMS 0x0000000710a00000, 0x0000000710a00000| Untracked 
|  58|0x0000000710c00000, 0x0000000710c00000, 0x0000000710e00000|  0%| F|  |TAMS 0x0000000710c00000, 0x0000000710c00000| Untracked 
|  59|0x0000000710e00000, 0x0000000710e00000, 0x0000000711000000|  0%| F|  |TAMS 0x0000000710e00000, 0x0000000710e00000| Untracked 
|  60|0x0000000711000000, 0x0000000711000000, 0x0000000711200000|  0%| F|  |TAMS 0x0000000711000000, 0x0000000711000000| Untracked 
|  61|0x0000000711200000, 0x0000000711200000, 0x0000000711400000|  0%| F|  |TAMS 0x0000000711200000, 0x0000000711200000| Untracked 
|  62|0x0000000711400000, 0x0000000711400000, 0x0000000711600000|  0%| F|  |TAMS 0x0000000711400000, 0x0000000711400000| Untracked 
|  63|0x0000000711600000, 0x0000000711600000, 0x0000000711800000|  0%| F|  |TAMS 0x0000000711600000, 0x0000000711600000| Untracked 
|  64|0x0000000711800000, 0x0000000711800000, 0x0000000711a00000|  0%| F|  |TAMS 0x0000000711800000, 0x0000000711800000| Untracked 
|  65|0x0000000711a00000, 0x0000000711a00000, 0x0000000711c00000|  0%| F|  |TAMS 0x0000000711a00000, 0x0000000711a00000| Untracked 
|  66|0x0000000711c00000, 0x0000000711c00000, 0x0000000711e00000|  0%| F|  |TAMS 0x0000000711c00000, 0x0000000711c00000| Untracked 
|  67|0x0000000711e00000, 0x0000000711e00000, 0x0000000712000000|  0%| F|  |TAMS 0x0000000711e00000, 0x0000000711e00000| Untracked 
|  68|0x0000000712000000, 0x0000000712000000, 0x0000000712200000|  0%| F|  |TAMS 0x0000000712000000, 0x0000000712000000| Untracked 
|  69|0x0000000712200000, 0x0000000712200000, 0x0000000712400000|  0%| F|  |TAMS 0x0000000712200000, 0x0000000712200000| Untracked 
|  70|0x0000000712400000, 0x0000000712400000, 0x0000000712600000|  0%| F|  |TAMS 0x0000000712400000, 0x0000000712400000| Untracked 
|  71|0x0000000712600000, 0x0000000712600000, 0x0000000712800000|  0%| F|  |TAMS 0x0000000712600000, 0x0000000712600000| Untracked 
|  72|0x0000000712800000, 0x0000000712800000, 0x0000000712a00000|  0%| F|  |TAMS 0x0000000712800000, 0x0000000712800000| Untracked 
|  73|0x0000000712a00000, 0x0000000712a00000, 0x0000000712c00000|  0%| F|  |TAMS 0x0000000712a00000, 0x0000000712a00000| Untracked 
|  74|0x0000000712c00000, 0x0000000712c00000, 0x0000000712e00000|  0%| F|  |TAMS 0x0000000712c00000, 0x0000000712c00000| Untracked 
|  75|0x0000000712e00000, 0x0000000712e00000, 0x0000000713000000|  0%| F|  |TAMS 0x0000000712e00000, 0x0000000712e00000| Untracked 
|  76|0x0000000713000000, 0x0000000713000000, 0x0000000713200000|  0%| F|  |TAMS 0x0000000713000000, 0x0000000713000000| Untracked 
|  77|0x0000000713200000, 0x0000000713200000, 0x0000000713400000|  0%| F|  |TAMS 0x0000000713200000, 0x0000000713200000| Untracked 
|  78|0x0000000713400000, 0x0000000713400000, 0x0000000713600000|  0%| F|  |TAMS 0x0000000713400000, 0x0000000713400000| Untracked 
|  79|0x0000000713600000, 0x0000000713600000, 0x0000000713800000|  0%| F|  |TAMS 0x0000000713600000, 0x0000000713600000| Untracked 
|  80|0x0000000713800000, 0x0000000713800000, 0x0000000713a00000|  0%| F|  |TAMS 0x0000000713800000, 0x0000000713800000| Untracked 
|  81|0x0000000713a00000, 0x0000000713a00000, 0x0000000713c00000|  0%| F|  |TAMS 0x0000000713a00000, 0x0000000713a00000| Untracked 
|  82|0x0000000713c00000, 0x0000000713c00000, 0x0000000713e00000|  0%| F|  |TAMS 0x0000000713c00000, 0x0000000713c00000| Untracked 
|  83|0x0000000713e00000, 0x0000000713e00000, 0x0000000714000000|  0%| F|  |TAMS 0x0000000713e00000, 0x0000000713e00000| Untracked 
|  84|0x0000000714000000, 0x0000000714000000, 0x0000000714200000|  0%| F|  |TAMS 0x0000000714000000, 0x0000000714000000| Untracked 
|  85|0x0000000714200000, 0x0000000714200000, 0x0000000714400000|  0%| F|  |TAMS 0x0000000714200000, 0x0000000714200000| Untracked 
|  86|0x0000000714400000, 0x0000000714400000, 0x0000000714600000|  0%| F|  |TAMS 0x0000000714400000, 0x0000000714400000| Untracked 
|  87|0x0000000714600000, 0x0000000714600000, 0x0000000714800000|  0%| F|  |TAMS 0x0000000714600000, 0x0000000714600000| Untracked 
|  88|0x0000000714800000, 0x0000000714800000, 0x0000000714a00000|  0%| F|  |TAMS 0x0000000714800000, 0x0000000714800000| Untracked 
|  89|0x0000000714a00000, 0x0000000714a00000, 0x0000000714c00000|  0%| F|  |TAMS 0x0000000714a00000, 0x0000000714a00000| Untracked 
|  90|0x0000000714c00000, 0x0000000714c00000, 0x0000000714e00000|  0%| F|  |TAMS 0x0000000714c00000, 0x0000000714c00000| Untracked 
|  91|0x0000000714e00000, 0x0000000714e00000, 0x0000000715000000|  0%| F|  |TAMS 0x0000000714e00000, 0x0000000714e00000| Untracked 
|  92|0x0000000715000000, 0x0000000715000000, 0x0000000715200000|  0%| F|  |TAMS 0x0000000715000000, 0x0000000715000000| Untracked 
|  93|0x0000000715200000, 0x0000000715200000, 0x0000000715400000|  0%| F|  |TAMS 0x0000000715200000, 0x0000000715200000| Untracked 
|  94|0x0000000715400000, 0x0000000715400000, 0x0000000715600000|  0%| F|  |TAMS 0x0000000715400000, 0x0000000715400000| Untracked 
|  95|0x0000000715600000, 0x0000000715600000, 0x0000000715800000|  0%| F|  |TAMS 0x0000000715600000, 0x0000000715600000| Untracked 
|  96|0x0000000715800000, 0x0000000715800000, 0x0000000715a00000|  0%| F|  |TAMS 0x0000000715800000, 0x0000000715800000| Untracked 
|  97|0x0000000715a00000, 0x0000000715a00000, 0x0000000715c00000|  0%| F|  |TAMS 0x0000000715a00000, 0x0000000715a00000| Untracked 
|  98|0x0000000715c00000, 0x0000000715c00000, 0x0000000715e00000|  0%| F|  |TAMS 0x0000000715c00000, 0x0000000715c00000| Untracked 
|  99|0x0000000715e00000, 0x0000000715e00000, 0x0000000716000000|  0%| F|  |TAMS 0x0000000715e00000, 0x0000000715e00000| Untracked 
| 100|0x0000000716000000, 0x0000000716000000, 0x0000000716200000|  0%| F|  |TAMS 0x0000000716000000, 0x0000000716000000| Untracked 
| 101|0x0000000716200000, 0x0000000716200000, 0x0000000716400000|  0%| F|  |TAMS 0x0000000716200000, 0x0000000716200000| Untracked 
| 102|0x0000000716400000, 0x0000000716400000, 0x0000000716600000|  0%| F|  |TAMS 0x0000000716400000, 0x0000000716400000| Untracked 
| 103|0x0000000716600000, 0x0000000716600000, 0x0000000716800000|  0%| F|  |TAMS 0x0000000716600000, 0x0000000716600000| Untracked 
| 104|0x0000000716800000, 0x0000000716800000, 0x0000000716a00000|  0%| F|  |TAMS 0x0000000716800000, 0x0000000716800000| Untracked 
| 105|0x0000000716a00000, 0x0000000716a00000, 0x0000000716c00000|  0%| F|  |TAMS 0x0000000716a00000, 0x0000000716a00000| Untracked 
| 106|0x0000000716c00000, 0x0000000716c00000, 0x0000000716e00000|  0%| F|  |TAMS 0x0000000716c00000, 0x0000000716c00000| Untracked 
| 107|0x0000000716e00000, 0x0000000716e00000, 0x0000000717000000|  0%| F|  |TAMS 0x0000000716e00000, 0x0000000716e00000| Untracked 
| 108|0x0000000717000000, 0x0000000717000000, 0x0000000717200000|  0%| F|  |TAMS 0x0000000717000000, 0x0000000717000000| Untracked 
| 109|0x0000000717200000, 0x0000000717200000, 0x0000000717400000|  0%| F|  |TAMS 0x0000000717200000, 0x0000000717200000| Untracked 
| 110|0x0000000717400000, 0x0000000717400000, 0x0000000717600000|  0%| F|  |TAMS 0x0000000717400000, 0x0000000717400000| Untracked 
| 111|0x0000000717600000, 0x0000000717800000, 0x0000000717800000|100%| S|CS|TAMS 0x0000000717600000, 0x0000000717600000| Complete 
| 112|0x0000000717800000, 0x0000000717a00000, 0x0000000717a00000|100%| S|CS|TAMS 0x0000000717800000, 0x0000000717800000| Complete 
| 113|0x0000000717a00000, 0x0000000717a00000, 0x0000000717c00000|  0%| F|  |TAMS 0x0000000717a00000, 0x0000000717a00000| Untracked 
| 114|0x0000000717c00000, 0x0000000717c00000, 0x0000000717e00000|  0%| F|  |TAMS 0x0000000717c00000, 0x0000000717c00000| Untracked 
| 115|0x0000000717e00000, 0x0000000717e00000, 0x0000000718000000|  0%| F|  |TAMS 0x0000000717e00000, 0x0000000717e00000| Untracked 
| 116|0x0000000718000000, 0x00000007181050e0, 0x0000000718200000| 50%| E|  |TAMS 0x0000000718000000, 0x0000000718000000| Complete 
| 117|0x0000000718200000, 0x0000000718400000, 0x0000000718400000|100%| E|CS|TAMS 0x0000000718200000, 0x0000000718200000| Complete 
| 118|0x0000000718400000, 0x0000000718600000, 0x0000000718600000|100%| E|CS|TAMS 0x0000000718400000, 0x0000000718400000| Complete 
| 119|0x0000000718600000, 0x0000000718800000, 0x0000000718800000|100%| E|CS|TAMS 0x0000000718600000, 0x0000000718600000| Complete 
| 120|0x0000000718800000, 0x0000000718a00000, 0x0000000718a00000|100%| E|CS|TAMS 0x0000000718800000, 0x0000000718800000| Complete 
| 121|0x0000000718a00000, 0x0000000718c00000, 0x0000000718c00000|100%| E|CS|TAMS 0x0000000718a00000, 0x0000000718a00000| Complete 
| 122|0x0000000718c00000, 0x0000000718e00000, 0x0000000718e00000|100%| E|CS|TAMS 0x0000000718c00000, 0x0000000718c00000| Complete 
| 123|0x0000000718e00000, 0x0000000719000000, 0x0000000719000000|100%| E|CS|TAMS 0x0000000718e00000, 0x0000000718e00000| Complete 

Card table byte_map: [0x0000022a5ce20000,0x0000022a5d5e0000] _byte_map_base: 0x0000022a595d4000

Marking Bits (Prev, Next): (CMBitMap*) 0x0000022a44f10e10, (CMBitMap*) 0x0000022a44f10e50
 Prev Bits: [0x0000022a5dda0000, 0x0000022a61b40000)
 Next Bits: [0x0000022a61b40000, 0x0000022a658e0000)

Polling page: 0x0000022a42df0000

Metaspace:

Usage:
  Non-class:      9.43 MB used.
      Class:      1.14 MB used.
       Both:     10.58 MB used.

Virtual space:
  Non-class space:       64.00 MB reserved,       9.56 MB ( 15%) committed,  1 nodes.
      Class space:        1.00 GB reserved,       1.31 MB ( <1%) committed,  1 nodes.
             Both:        1.06 GB reserved,      10.88 MB ( <1%) committed. 

Chunk freelists:
   Non-Class:  2.31 MB
       Class:  2.56 MB
        Both:  4.87 MB

MaxMetaspaceSize: unlimited
CompressedClassSpaceSize: 1.00 GB
Initial GC threshold: 21.00 MB
Current GC threshold: 21.00 MB
CDS: on
MetaspaceReclaimPolicy: balanced
 - commit_granule_bytes: 65536.
 - commit_granule_words: 8192.
 - virtual_space_node_default_size: 8388608.
 - enlarge_chunks_in_place: 1.
 - new_chunks_are_fully_committed: 0.
 - uncommit_free_chunks: 1.
 - use_allocation_guard: 0.


Internal statistics:

num_allocs_failed_limit: 0.
num_arena_births: 310.
num_arena_deaths: 0.
num_vsnodes_births: 2.
num_vsnodes_deaths: 0.
num_space_committed: 174.
num_space_uncommitted: 0.
num_chunks_returned_to_freelist: 0.
num_chunks_taken_from_freelist: 520.
num_chunk_merges: 0.
num_chunk_splits: 343.
num_chunks_enlarged: 227.
num_inconsistent_stats: 0.

CodeHeap 'non-profiled nmethods': size=119168Kb used=690Kb max_used=690Kb free=118477Kb
 bounds [0x0000022a54980000, 0x0000022a54bf0000, 0x0000022a5bde0000]
CodeHeap 'profiled nmethods': size=119104Kb used=3763Kb max_used=3763Kb free=115340Kb
 bounds [0x0000022a4cde0000, 0x0000022a4d190000, 0x0000022a54230000]
CodeHeap 'non-nmethods': size=7488Kb used=2980Kb max_used=3025Kb free=4507Kb
 bounds [0x0000022a54230000, 0x0000022a54530000, 0x0000022a54980000]
 total_blobs=2489 nmethods=1973 adapters=422
 compilation: enabled
              stopped_count=0, restarted_count=0
 full_count=0

Compilation events (20 events):
Event: 0.693 Thread 0x0000022a6cd31860 nmethod 1925 0x0000022a4d16ce90 code [0x0000022a4d16d040, 0x0000022a4d16d298]
Event: 0.693 Thread 0x0000022a6cd31860 1928       3       java.lang.System::checkKey (34 bytes)
Event: 0.693 Thread 0x0000022a6cd2c490 nmethod 1926 0x0000022a4d16d390 code [0x0000022a4d16d560, 0x0000022a4d16d8f8]
Event: 0.694 Thread 0x0000022a6cd2c490 1930       3       java.lang.invoke.MemberName$Factory::resolveOrNull (54 bytes)
Event: 0.694 Thread 0x0000022a6cd31860 nmethod 1928 0x0000022a4d16da10 code [0x0000022a4d16dbe0, 0x0000022a4d16df98]
Event: 0.694 Thread 0x0000022a68576400 nmethod 1904 0x0000022a54a26790 code [0x0000022a54a26920, 0x0000022a54a26b18]
Event: 0.694 Thread 0x0000022a6cd2ca10 nmethod 1918 0x0000022a4d168490 code [0x0000022a4d1689c0, 0x0000022a4d16ba08]
Event: 0.694 Thread 0x0000022a6cd2c490 nmethod 1930 0x0000022a4d16e110 code [0x0000022a4d16e2e0, 0x0000022a4d16e5a8]
Event: 0.694 Thread 0x0000022a6cd31860 1932       3       java.lang.ProcessEnvironment$NameComparator::compare (13 bytes)
Event: 0.694 Thread 0x0000022a6cd2c490 1933       3       java.lang.ProcessEnvironment$NameComparator::compare (90 bytes)
Event: 0.694 Thread 0x0000022a6cd2ca10 1934       3       jdk.internal.misc.Unsafe::storeFence (5 bytes)
Event: 0.695 Thread 0x0000022a6cd2ca10 nmethod 1934 0x0000022a4d171c90 code [0x0000022a4d171e20, 0x0000022a4d171f38]
Event: 0.695 Thread 0x0000022a6cd31860 nmethod 1932 0x0000022a4d172010 code [0x0000022a4d1721c0, 0x0000022a4d1724e8]
Event: 0.695 Thread 0x0000022a6cd2ca10 1935       3       java.lang.String::<init> (99 bytes)
Event: 0.695 Thread 0x0000022a68576400 1936       4       java.util.Properties::loadConvert (540 bytes)
Event: 0.695 Thread 0x0000022a68576d70 nmethod 1923 0x0000022a4d16e710 code [0x0000022a4d16eb20, 0x0000022a4d171188]
Event: 0.695 Thread 0x0000022a6cd2ca10 nmethod 1935 0x0000022a4d172610 code [0x0000022a4d172820, 0x0000022a4d172e78]
Event: 0.696 Thread 0x0000022a6cd2c490 nmethod 1933 0x0000022a4d173010 code [0x0000022a4d173320, 0x0000022a4d1745b8]
Event: 0.696 Thread 0x0000022a6cfc17f0 1937       4       java.util.Properties$LineReader::readLine (584 bytes)
Event: 0.696 Thread 0x0000022a6df0a7c0 nmethod 1919 0x0000022a54a27010 code [0x0000022a54a271a0, 0x0000022a54a27358]

GC Heap History (2 events):
Event: 0.498 GC heap before
{Heap before GC invocations=0 (full 0):
 garbage-first heap   total 253952K, used 20480K [0x0000000709800000, 0x0000000800000000)
  region size 2048K, 11 young (22528K), 0 survivors (0K)
 Metaspace       used 6497K, committed 6784K, reserved 1114112K
  class space    used 700K, committed 832K, reserved 1048576K
}
Event: 0.501 GC heap after
{Heap after GC invocations=1 (full 0):
 garbage-first heap   total 253952K, used 5383K [0x0000000709800000, 0x0000000800000000)
  region size 2048K, 2 young (4096K), 2 survivors (4096K)
 Metaspace       used 6497K, committed 6784K, reserved 1114112K
  class space    used 700K, committed 832K, reserved 1048576K
}

Dll operation events (11 events):
Event: 0.005 Loaded shared library C:\Users\Home\.jdks\openjdk-19\bin\java.dll
Event: 0.011 Loaded shared library C:\Users\Home\.jdks\openjdk-19\bin\jsvml.dll
Event: 0.080 Loaded shared library C:\Users\Home\.jdks\openjdk-19\bin\zip.dll
Event: 0.081 Loaded shared library C:\Users\Home\.jdks\openjdk-19\bin\instrument.dll
Event: 0.085 Loaded shared library C:\Users\Home\.jdks\openjdk-19\bin\net.dll
Event: 0.086 Loaded shared library C:\Users\Home\.jdks\openjdk-19\bin\nio.dll
Event: 0.088 Loaded shared library C:\Users\Home\.jdks\openjdk-19\bin\zip.dll
Event: 0.094 Loaded shared library C:\Program Files\JetBrains\IntelliJ IDEA Community Edition 2022.2.3\bin\breakgen64.dll
Event: 0.100 Loaded shared library C:\Users\Home\.jdks\openjdk-19\bin\extnet.dll
Event: 0.161 Loaded shared library C:\Users\Home\.jdks\openjdk-19\bin\jimage.dll
Event: 0.550 Loaded shared library C:\Users\Home\.jdks\openjdk-19\bin\sunmscapi.dll

Deoptimization events (20 events):
Event: 0.675 Thread 0x0000022a44ea0c70 Uncommon trap: trap_request=0xffffff45 fr.pc=0x0000022a5498b2b8 relative=0x0000000000000098
Event: 0.675 Thread 0x0000022a44ea0c70 Uncommon trap: reason=unstable_if action=reinterpret pc=0x0000022a5498b2b8 method=java.lang.String.isLatin1()Z @ 10 c2
Event: 0.675 Thread 0x0000022a44ea0c70 DEOPT PACKING pc=0x0000022a5498b2b8 sp=0x000000e3f5cfd7e0
Event: 0.675 Thread 0x0000022a44ea0c70 DEOPT UNPACKING pc=0x0000022a54296da3 sp=0x000000e3f5cfd710 mode 2
Event: 0.675 Thread 0x0000022a44ea0c70 DEOPT PACKING pc=0x0000022a4d13491e sp=0x000000e3f5cfd690
Event: 0.675 Thread 0x0000022a44ea0c70 DEOPT UNPACKING pc=0x0000022a54297543 sp=0x000000e3f5cfcba0 mode 0
Event: 0.676 Thread 0x0000022a44ea0c70 DEOPT PACKING pc=0x0000022a4d13491e sp=0x000000e3f5cfd690
Event: 0.676 Thread 0x0000022a44ea0c70 DEOPT UNPACKING pc=0x0000022a54297543 sp=0x000000e3f5cfcba0 mode 0
Event: 0.676 Thread 0x0000022a44ea0c70 DEOPT PACKING pc=0x0000022a4d13491e sp=0x000000e3f5cfd690
Event: 0.676 Thread 0x0000022a44ea0c70 DEOPT UNPACKING pc=0x0000022a54297543 sp=0x000000e3f5cfcba0 mode 0
Event: 0.677 Thread 0x0000022a44ea0c70 Uncommon trap: trap_request=0xffffff45 fr.pc=0x0000022a54a0c16c relative=0x0000000000000d4c
Event: 0.677 Thread 0x0000022a44ea0c70 Uncommon trap: reason=unstable_if action=reinterpret pc=0x0000022a54a0c16c method=java.util.concurrent.ConcurrentHashMap.putVal(Ljava/lang/Object;Ljava/lang/Object;Z)Ljava/lang/Object; @ 401 c2
Event: 0.677 Thread 0x0000022a44ea0c70 DEOPT PACKING pc=0x0000022a54a0c16c sp=0x000000e3f5cfd810
Event: 0.677 Thread 0x0000022a44ea0c70 DEOPT UNPACKING pc=0x0000022a54296da3 sp=0x000000e3f5cfd780 mode 2
Event: 0.678 Thread 0x0000022a44ea0c70 Uncommon trap: trap_request=0xffffff45 fr.pc=0x0000022a54a1f108 relative=0x0000000000001028
Event: 0.678 Thread 0x0000022a44ea0c70 Uncommon trap: reason=unstable_if action=reinterpret pc=0x0000022a54a1f108 method=java.util.concurrent.ConcurrentHashMap.transfer([Ljava/util/concurrent/ConcurrentHashMap$Node;[Ljava/util/concurrent/ConcurrentHashMap$Node;)V @ 352 c2
Event: 0.678 Thread 0x0000022a44ea0c70 DEOPT PACKING pc=0x0000022a54a1f108 sp=0x000000e3f5cfd660
Event: 0.678 Thread 0x0000022a44ea0c70 DEOPT UNPACKING pc=0x0000022a54296da3 sp=0x000000e3f5cfd5c8 mode 2
Event: 0.690 Thread 0x0000022a44ea0c70 DEOPT PACKING pc=0x0000022a4ce593de sp=0x000000e3f5cf9480
Event: 0.690 Thread 0x0000022a44ea0c70 DEOPT UNPACKING pc=0x0000022a54297543 sp=0x000000e3f5cf8958 mode 0

Classes loaded (20 events):
Event: 0.659 Loading class java/lang/IndexOutOfBoundsException
Event: 0.659 Loading class java/lang/IndexOutOfBoundsException done
Event: 0.677 Loading class java/util/concurrent/ConcurrentHashMap$TreeNode
Event: 0.677 Loading class java/util/concurrent/ConcurrentHashMap$TreeNode done
Event: 0.677 Loading class java/util/concurrent/ConcurrentHashMap$TreeBin
Event: 0.677 Loading class java/util/concurrent/ConcurrentHashMap$TreeBin done
Event: 0.682 Loading class java/util/concurrent/locks/ReadWriteLock
Event: 0.682 Loading class java/util/concurrent/locks/ReadWriteLock done
Event: 0.682 Loading class java/util/concurrent/locks/ReentrantReadWriteLock
Event: 0.682 Loading class java/util/concurrent/locks/ReentrantReadWriteLock done
Event: 0.682 Loading class java/util/concurrent/locks/ReentrantReadWriteLock$NonfairSync
Event: 0.682 Loading class java/util/concurrent/locks/ReentrantReadWriteLock$Sync
Event: 0.682 Loading class java/util/concurrent/locks/ReentrantReadWriteLock$Sync done
Event: 0.682 Loading class java/util/concurrent/locks/ReentrantReadWriteLock$NonfairSync done
Event: 0.683 Loading class java/util/concurrent/locks/ReentrantReadWriteLock$Sync$ThreadLocalHoldCounter
Event: 0.683 Loading class java/util/concurrent/locks/ReentrantReadWriteLock$Sync$ThreadLocalHoldCounter done
Event: 0.683 Loading class java/util/concurrent/locks/ReentrantReadWriteLock$ReadLock
Event: 0.683 Loading class java/util/concurrent/locks/ReentrantReadWriteLock$ReadLock done
Event: 0.683 Loading class java/util/concurrent/locks/ReentrantReadWriteLock$WriteLock
Event: 0.683 Loading class java/util/concurrent/locks/ReentrantReadWriteLock$WriteLock done

Classes unloaded (0 events):
No events

Classes redefined (0 events):
No events

Internal exceptions (20 events):
Event: 0.381 Thread 0x0000022a44ea0c70 Exception <a 'java/lang/NoSuchMethodError'{0x00000007181f7c58}: 'int java.lang.invoke.DirectMethodHandle$Holder.invokeVirtual(java.lang.Object, java.lang.Object)'> (0x00000007181f7c58) 
thrown [s\open\src\hotspot\share\interpreter\linkResolver.cpp, line 774]
Event: 0.388 Thread 0x0000022a44ea0c70 Exception <a 'java/lang/NoSuchMethodError'{0x0000000717e79338}: 'java.lang.Object java.lang.invoke.DirectMethodHandle$Holder.invokeSpecial(java.lang.Object, java.lang.Object, java.lang.Object, int, java.lang.Object)'> (0x0000000717e79338) 
thrown [s\open\src\hotspot\share\interpreter\linkResolver.cpp, line 774]
Event: 0.395 Thread 0x0000022a44ea0c70 Exception <a 'java/lang/NoSuchMethodError'{0x0000000717eb9c28}: 'int java.lang.invoke.DirectMethodHandle$Holder.invokeStaticInit(java.lang.Object, java.lang.Object, java.lang.Object)'> (0x0000000717eb9c28) 
thrown [s\open\src\hotspot\share\interpreter\linkResolver.cpp, line 774]
Event: 0.424 Thread 0x0000022a44ea0c70 Exception <a 'java/lang/IncompatibleClassChangeError'{0x0000000717c2e5b0}: Found class java.lang.Object, but interface was expected> (0x0000000717c2e5b0) 
thrown [s\open\src\hotspot\share\interpreter\linkResolver.cpp, line 841]
Event: 0.427 Thread 0x0000022a44ea0c70 Exception <a 'java/lang/NoSuchMethodError'{0x0000000717c51570}: 'java.lang.Object java.lang.invoke.DirectMethodHandle$Holder.newInvokeSpecial(java.lang.Object, java.lang.Object, java.lang.Object, java.lang.Object, java.lang.Object, java.lang.Object, java.lang.Object, java.lang.Object, java.lang.Object)'> (0x0000000717c51570) 
thrown [s\open\src\hotspot\share\interpreter\linkResolver.cpp, line 774]
Event: 0.433 Thread 0x0000022a44ea0c70 Exception <a 'java/lang/NoSuchMethodError'{0x0000000717c962c8}: 'java.lang.Object java.lang.invoke.DirectMethodHandle$Holder.newInvokeSpecial(java.lang.Object, java.lang.Object, java.lang.Object, java.lang.Object, java.lang.Object, java.lang.Object, java.lang.Object)'> (0x0000000717c962c8) 
thrown [s\open\src\hotspot\share\interpreter\linkResolver.cpp, line 774]
Event: 0.434 Thread 0x0000022a44ea0c70 Exception <a 'java/lang/NoSuchMethodError'{0x0000000717ca16d8}: 'void java.lang.invoke.DirectMethodHandle$Holder.invokeStatic(java.lang.Object, java.lang.Object, java.lang.Object, java.lang.Object)'> (0x0000000717ca16d8) 
thrown [s\open\src\hotspot\share\interpreter\linkResolver.cpp, line 774]
Event: 0.441 Thread 0x0000022a44ea0c70 Exception <a 'java/lang/NoSuchMethodError'{0x0000000717cecdb0}: 'java.lang.Object java.lang.invoke.DirectMethodHandle$Holder.newInvokeSpecial(java.lang.Object, java.lang.Object, java.lang.Object, java.lang.Object, java.lang.Object)'> (0x0000000717cecdb0) 
thrown [s\open\src\hotspot\share\interpreter\linkResolver.cpp, line 774]
Event: 0.445 Thread 0x0000022a44ea0c70 Exception <a 'java/lang/NoSuchMethodError'{0x0000000717d1f320}: 'int java.lang.invoke.DirectMethodHandle$Holder.invokeSpecial(java.lang.Object, java.lang.Object, java.lang.Object)'> (0x0000000717d1f320) 
thrown [s\open\src\hotspot\share\interpreter\linkResolver.cpp, line 774]
Event: 0.452 Thread 0x0000022a44ea0c70 Exception <a 'java/lang/IncompatibleClassChangeError'{0x0000000717d68cb8}: Found class java.lang.Object, but interface was expected> (0x0000000717d68cb8) 
thrown [s\open\src\hotspot\share\interpreter\linkResolver.cpp, line 841]
Event: 0.460 Thread 0x0000022a44ea0c70 Exception <a 'java/lang/NoSuchMethodError'{0x0000000717de8020}: 'java.lang.Object java.lang.invoke.Invokers$Holder.linkToTargetMethod(java.lang.Object, long, java.lang.Object)'> (0x0000000717de8020) 
thrown [s\open\src\hotspot\share\interpreter\linkResolver.cpp, line 774]
Event: 0.460 Thread 0x0000022a44ea0c70 Exception <a 'java/lang/NoSuchMethodError'{0x0000000717df2590}: 'java.lang.Object java.lang.invoke.DirectMethodHandle$Holder.newInvokeSpecial(java.lang.Object, java.lang.Object, int, java.lang.Object, java.lang.Object)'> (0x0000000717df2590) 
thrown [s\open\src\hotspot\share\interpreter\linkResolver.cpp, line 774]
Event: 0.465 Thread 0x0000022a44ea0c70 Exception <a 'java/lang/NoSuchMethodError'{0x0000000717a481b8}: 'java.lang.Object java.lang.invoke.DirectMethodHandle$Holder.invokeStatic(java.lang.Object, java.lang.Object, java.lang.Object, int, java.lang.Object, java.lang.Object)'> (0x0000000717a481b8) 
thrown [s\open\src\hotspot\share\interpreter\linkResolver.cpp, line 774]
Event: 0.466 Thread 0x0000022a44ea0c70 Exception <a 'java/lang/NoSuchMethodError'{0x0000000717a502a8}: 'java.lang.Object java.lang.invoke.DirectMethodHandle$Holder.newInvokeSpecial(java.lang.Object, java.lang.Object, java.lang.Object, int, java.lang.Object)'> (0x0000000717a502a8) 
thrown [s\open\src\hotspot\share\interpreter\linkResolver.cpp, line 774]
Event: 0.466 Thread 0x0000022a44ea0c70 Exception <a 'java/lang/NoSuchMethodError'{0x0000000717a57c98}: 'java.lang.Object java.lang.invoke.Invokers$Holder.linkToTargetMethod(java.lang.Object, java.lang.Object, int, java.lang.Object, java.lang.Object)'> (0x0000000717a57c98) 
thrown [s\open\src\hotspot\share\interpreter\linkResolver.cpp, line 774]
Event: 0.472 Thread 0x0000022a44ea0c70 Exception <a 'java/lang/NoSuchMethodError'{0x0000000717aa37c0}: 'java.lang.Object java.lang.invoke.DirectMethodHandle$Holder.newInvokeSpecial(java.lang.Object, int, java.lang.Object)'> (0x0000000717aa37c0) 
thrown [s\open\src\hotspot\share\interpreter\linkResolver.cpp, line 774]
Event: 0.496 Thread 0x0000022a44ea0c70 Exception <a 'java/lang/NoSuchMethodError'{0x0000000717be7e28}: 'void java.lang.invoke.DirectMethodHandle$Holder.invokeInterface(java.lang.Object, java.lang.Object)'> (0x0000000717be7e28) 
thrown [s\open\src\hotspot\share\interpreter\linkResolver.cpp, line 774]
Event: 0.607 Thread 0x0000022a44ea0c70 Exception <a 'sun/nio/fs/WindowsException'{0x00000007186bf210}> (0x00000007186bf210) 
thrown [s\open\src\hotspot\share\prims\jni.cpp, line 517]
Event: 0.615 Thread 0x0000022a44ea0c70 Exception <a 'java/lang/NoSuchMethodError'{0x00000007186e0818}: 'java.lang.Object java.lang.invoke.DirectMethodHandle$Holder.invokeStaticInit(java.lang.Object)'> (0x00000007186e0818) 
thrown [s\open\src\hotspot\share\interpreter\linkResolver.cpp, line 774]
Event: 0.693 Thread 0x0000022a44ea0c70 Exception <a 'java/lang/NoSuchMethodError'{0x00000007183a6318}: 'java.lang.Object java.lang.invoke.DirectMethodHandle$Holder.invokeVirtual(java.lang.Object, java.lang.Object, java.lang.Object)'> (0x00000007183a6318) 
thrown [s\open\src\hotspot\share\interpreter\linkResolver.cpp, line 774]

VM Operations (20 events):
Event: 0.475 Executing VM operation: HandshakeAllThreads
Event: 0.475 Executing VM operation: HandshakeAllThreads done
Event: 0.478 Executing VM operation: HandshakeAllThreads
Event: 0.478 Executing VM operation: HandshakeAllThreads done
Event: 0.498 Executing VM operation: G1CollectForAllocation
Event: 0.501 Executing VM operation: G1CollectForAllocation done
Event: 0.514 Executing VM operation: HandshakeAllThreads
Event: 0.514 Executing VM operation: HandshakeAllThreads done
Event: 0.537 Executing VM operation: HandshakeAllThreads
Event: 0.537 Executing VM operation: HandshakeAllThreads done
Event: 0.553 Executing VM operation: HandshakeAllThreads
Event: 0.553 Executing VM operation: HandshakeAllThreads done
Event: 0.564 Executing VM operation: HandshakeAllThreads
Event: 0.564 Executing VM operation: HandshakeAllThreads done
Event: 0.608 Executing VM operation: HandshakeAllThreads
Event: 0.608 Executing VM operation: HandshakeAllThreads done
Event: 0.683 Executing VM operation: HandshakeAllThreads
Event: 0.683 Executing VM operation: HandshakeAllThreads done
Event: 0.683 Executing VM operation: HandshakeAllThreads
Event: 0.683 Executing VM operation: HandshakeAllThreads done

Events (20 events):
Event: 0.012 Thread 0x0000022a44ea0c70 Thread added: 0x0000022a44ea0c70
Event: 0.020 Thread 0x0000022a68557330 Thread added: 0x0000022a68557330
Event: 0.020 Thread 0x0000022a68557c60 Thread added: 0x0000022a68557c60
Event: 0.020 Thread 0x0000022a68560850 Thread added: 0x0000022a68560850
Event: 0.020 Thread 0x0000022a68561180 Thread added: 0x0000022a68561180
Event: 0.020 Thread 0x0000022a685620c0 Thread added: 0x0000022a685620c0
Event: 0.020 Thread 0x0000022a685629f0 Thread added: 0x0000022a685629f0
Event: 0.020 Thread 0x0000022a68576400 Thread added: 0x0000022a68576400
Event: 0.020 Thread 0x0000022a68576d70 Thread added: 0x0000022a68576d70
Event: 0.020 Thread 0x0000022a6cc21490 Thread added: 0x0000022a6cc21490
Event: 0.065 Thread 0x0000022a6852f1b0 Thread added: 0x0000022a6852f1b0
Event: 0.071 Thread 0x0000022a6cd2c490 Thread added: 0x0000022a6cd2c490
Event: 0.072 Thread 0x0000022a6cd2ca10 Thread added: 0x0000022a6cd2ca10
Event: 0.073 Thread 0x0000022a6cd31860 Thread added: 0x0000022a6cd31860
Event: 0.095 Thread 0x0000022a6ce98a80 Thread added: 0x0000022a6ce98a80
Event: 0.095 Thread 0x0000022a6ce98fc0 Thread added: 0x0000022a6ce98fc0
Event: 0.120 Thread 0x0000022a6cffe9e0 Thread added: 0x0000022a6cffe9e0
Event: 0.121 Thread 0x0000022a6cfc17f0 Thread added: 0x0000022a6cfc17f0
Event: 0.668 Thread 0x0000022a6df0a7c0 Thread added: 0x0000022a6df0a7c0
Event: 0.674 Thread 0x0000022a6dfa2d20 Thread added: 0x0000022a6dfa2d20


Dynamic libraries:
0x00007ff7e6e40000 - 0x00007ff7e6e4e000 	C:\Users\Home\.jdks\openjdk-19\bin\java.exe
0x00007ffb5bf10000 - 0x00007ffb5c124000 	C:\WINDOWS\SYSTEM32\ntdll.dll
0x00007ffb5a200000 - 0x00007ffb5a2c3000 	C:\WINDOWS\System32\KERNEL32.DLL
0x00007ffb59520000 - 0x00007ffb598bd000 	C:\WINDOWS\System32\KERNELBASE.dll
0x00007ffb59330000 - 0x00007ffb59441000 	C:\WINDOWS\System32\ucrtbase.dll
0x00007ffb539a0000 - 0x00007ffb539b7000 	C:\Users\Home\.jdks\openjdk-19\bin\jli.dll
0x00007ffb4e410000 - 0x00007ffb4e42b000 	C:\Users\Home\.jdks\openjdk-19\bin\VCRUNTIME140.dll
0x00007ffb5a2d0000 - 0x00007ffb5a47d000 	C:\WINDOWS\System32\USER32.dll
0x00007ffb49310000 - 0x00007ffb4959e000 	C:\WINDOWS\WinSxS\amd64_microsoft.windows.common-controls_6595b64144ccf1df_6.0.22621.608_none_a9444ca7c10bb01d\COMCTL32.dll
0x00007ffb59450000 - 0x00007ffb59476000 	C:\WINDOWS\System32\win32u.dll
0x00007ffb5be20000 - 0x00007ffb5bec7000 	C:\WINDOWS\System32\msvcrt.dll
0x00007ffb5abb0000 - 0x00007ffb5abd9000 	C:\WINDOWS\System32\GDI32.dll
0x00007ffb59af0000 - 0x00007ffb59c02000 	C:\WINDOWS\System32\gdi32full.dll
0x00007ffb59480000 - 0x00007ffb5951a000 	C:\WINDOWS\System32\msvcp_win.dll
0x00007ffb5a130000 - 0x00007ffb5a162000 	C:\WINDOWS\System32\IMM32.DLL
0x00007ffb55e20000 - 0x00007ffb55e2c000 	C:\Users\Home\.jdks\openjdk-19\bin\vcruntime140_1.dll
0x00007ffb3fd20000 - 0x00007ffb3fdae000 	C:\Users\Home\.jdks\openjdk-19\bin\msvcp140.dll
0x00007ffb1f690000 - 0x00007ffb20350000 	C:\Users\Home\.jdks\openjdk-19\bin\server\jvm.dll
0x00007ffb5b820000 - 0x00007ffb5b8ce000 	C:\WINDOWS\System32\ADVAPI32.dll
0x00007ffb5a820000 - 0x00007ffb5a8c4000 	C:\WINDOWS\System32\sechost.dll
0x00007ffb5a930000 - 0x00007ffb5aa45000 	C:\WINDOWS\System32\RPCRT4.dll
0x00007ffb54760000 - 0x00007ffb54769000 	C:\WINDOWS\SYSTEM32\WSOCK32.dll
0x00007ffb52b00000 - 0x00007ffb52b34000 	C:\WINDOWS\SYSTEM32\WINMM.dll
0x00007ffb51400000 - 0x00007ffb5140a000 	C:\WINDOWS\SYSTEM32\VERSION.dll
0x00007ffb5a740000 - 0x00007ffb5a7b1000 	C:\WINDOWS\System32\WS2_32.dll
0x00007ffb58430000 - 0x00007ffb58448000 	C:\WINDOWS\SYSTEM32\kernel.appcore.dll
0x00007ffb53990000 - 0x00007ffb5399a000 	C:\Users\Home\.jdks\openjdk-19\bin\jimage.dll
0x00007ffb506f0000 - 0x00007ffb5091e000 	C:\WINDOWS\SYSTEM32\DBGHELP.DLL
0x00007ffb5abe0000 - 0x00007ffb5af6a000 	C:\WINDOWS\System32\combase.dll
0x00007ffb5aa70000 - 0x00007ffb5ab47000 	C:\WINDOWS\System32\OLEAUT32.dll
0x00007ffb43a60000 - 0x00007ffb43a92000 	C:\WINDOWS\SYSTEM32\dbgcore.DLL
0x00007ffb59c10000 - 0x00007ffb59c8b000 	C:\WINDOWS\System32\bcryptPrimitives.dll
0x00007ffb53fd0000 - 0x00007ffb53fde000 	C:\Users\Home\.jdks\openjdk-19\bin\instrument.dll
0x00007ffb4a110000 - 0x00007ffb4a136000 	C:\Users\Home\.jdks\openjdk-19\bin\java.dll
0x00007ffb28820000 - 0x00007ffb288f7000 	C:\Users\Home\.jdks\openjdk-19\bin\jsvml.dll
0x00007ffb5af70000 - 0x00007ffb5b75f000 	C:\WINDOWS\System32\SHELL32.dll
0x00007ffb57310000 - 0x00007ffb57bd8000 	C:\WINDOWS\SYSTEM32\windows.storage.dll
0x00007ffb571d0000 - 0x00007ffb5730e000 	C:\WINDOWS\SYSTEM32\wintypes.dll
0x00007ffb59d00000 - 0x00007ffb59df1000 	C:\WINDOWS\System32\SHCORE.dll
0x00007ffb5ab50000 - 0x00007ffb5abae000 	C:\WINDOWS\System32\shlwapi.dll
0x00007ffb59260000 - 0x00007ffb59281000 	C:\WINDOWS\SYSTEM32\profapi.dll
0x00007ffb49880000 - 0x00007ffb49898000 	C:\Users\Home\.jdks\openjdk-19\bin\zip.dll
0x00007ffb49fe0000 - 0x00007ffb49ff3000 	C:\Users\Home\.jdks\openjdk-19\bin\net.dll
0x00007ffb54be0000 - 0x00007ffb54d0f000 	C:\WINDOWS\SYSTEM32\WINHTTP.dll
0x00007ffb588a0000 - 0x00007ffb58909000 	C:\WINDOWS\system32\mswsock.dll
0x00007ffb498a0000 - 0x00007ffb498b6000 	C:\Users\Home\.jdks\openjdk-19\bin\nio.dll
0x00007ffb53a50000 - 0x00007ffb53a6a000 	C:\Program Files\JetBrains\IntelliJ IDEA Community Edition 2022.2.3\bin\breakgen64.dll
0x00007ffb4e400000 - 0x00007ffb4e408000 	C:\Users\Home\.jdks\openjdk-19\bin\extnet.dll
0x00007ffb58ad0000 - 0x00007ffb58aeb000 	C:\WINDOWS\SYSTEM32\CRYPTSP.dll
0x00007ffb583a0000 - 0x00007ffb583d5000 	C:\WINDOWS\system32\rsaenh.dll
0x00007ffb58960000 - 0x00007ffb58988000 	C:\WINDOWS\SYSTEM32\USERENV.dll
0x00007ffb58cd0000 - 0x00007ffb58cf8000 	C:\WINDOWS\SYSTEM32\bcrypt.dll
0x00007ffb58ac0000 - 0x00007ffb58acc000 	C:\WINDOWS\SYSTEM32\CRYPTBASE.dll
0x00007ffb57ea0000 - 0x00007ffb57ecd000 	C:\WINDOWS\SYSTEM32\IPHLPAPI.DLL
0x00007ffb5a920000 - 0x00007ffb5a929000 	C:\WINDOWS\System32\NSI.dll
0x00007ffb53170000 - 0x00007ffb53189000 	C:\WINDOWS\SYSTEM32\dhcpcsvc6.DLL
0x00007ffb53110000 - 0x00007ffb5312f000 	C:\WINDOWS\SYSTEM32\dhcpcsvc.DLL
0x00007ffb57ed0000 - 0x00007ffb57fc2000 	C:\WINDOWS\SYSTEM32\DNSAPI.dll
0x00007ffb4a220000 - 0x00007ffb4a22e000 	C:\Users\Home\.jdks\openjdk-19\bin\sunmscapi.dll
0x00007ffb598c0000 - 0x00007ffb59a26000 	C:\WINDOWS\System32\CRYPT32.dll
0x00007ffb58ca0000 - 0x00007ffb58ccd000 	C:\WINDOWS\SYSTEM32\ncrypt.dll
0x00007ffb58c60000 - 0x00007ffb58c97000 	C:\WINDOWS\SYSTEM32\NTASN1.dll

dbghelp: loaded successfully - version: 4.0.5 - missing functions: none
symbol engine: initialized successfully - sym options: 0x614 - pdb path: .;C:\Users\Home\.jdks\openjdk-19\bin;C:\WINDOWS\SYSTEM32;C:\WINDOWS\WinSxS\amd64_microsoft.windows.common-controls_6595b64144ccf1df_6.0.22621.608_none_a9444ca7c10bb01d;C:\Users\Home\.jdks\openjdk-19\bin\server;C:\Program Files\JetBrains\IntelliJ IDEA Community Edition 2022.2.3\bin

VM Arguments:
jvm_args: -ea -Didea.test.cyclic.buffer.size=1048576 -javaagent:C:\Program Files\JetBrains\IntelliJ IDEA Community Edition 2022.2.3\lib\idea_rt.jar=49744:C:\Program Files\JetBrains\IntelliJ IDEA Community Edition 2022.2.3\bin -Dfile.encoding=UTF-8 -Dsun.stdout.encoding=UTF-8 -Dsun.stderr.encoding=UTF-8 
java_command: com.intellij.rt.testng.RemoteTestNGStarter -usedefaultlisteners false -socket49743 @w@C:\Users\Home\AppData\Local\Temp\idea_working_dirs_testng.tmp -temp C:\Users\Home\AppData\Local\Temp\idea_testng.tmp
java_class_path (initial): C:\Program Files\JetBrains\IntelliJ IDEA Community Edition 2022.2.3\lib\idea_rt.jar;C:\Program Files\JetBrains\IntelliJ IDEA Community Edition 2022.2.3\plugins\testng\lib\testng-rt.jar;E:\Alina work Git\MyProjects\target\test-classes;E:\Alina work Git\MyProjects\target\classes;C:\Users\Home\.m2\repository\org\seleniumhq\selenium\selenium-java\4.7.2\selenium-java-4.7.2.jar;C:\Users\Home\.m2\repository\org\seleniumhq\selenium\selenium-api\4.7.2\selenium-api-4.7.2.jar;C:\Users\Home\.m2\repository\org\seleniumhq\selenium\selenium-chrome-driver\4.7.2\selenium-chrome-driver-4.7.2.jar;C:\Users\Home\.m2\repository\org\seleniumhq\selenium\selenium-json\4.7.2\selenium-json-4.7.2.jar;C:\Users\Home\.m2\repository\org\seleniumhq\selenium\selenium-devtools-v106\4.7.2\selenium-devtools-v106-4.7.2.jar;C:\Users\Home\.m2\repository\org\seleniumhq\selenium\selenium-devtools-v107\4.7.2\selenium-devtools-v107-4.7.2.jar;C:\Users\Home\.m2\repository\org\seleniumhq\selenium\selenium-devtools-v108\4.7.2\selenium-devtools-v108-4.7.2.jar;C:\Users\Home\.m2\repository\org\seleniumhq\selenium\selenium-devtools-v85\4.7.2\selenium-devtools-v85-4.7.2.jar;C:\Users\Home\.m2\repository\org\seleniumhq\selenium\selenium-firefox-driver\4.7.2\selenium-firefox-driver-4.7.2.jar;C:\Users\Home\.m2\repository\org\seleniumhq\selenium\selenium-http\4.7.2\selenium-http-4.7.2.jar;C:\Users\Home\.m2\repository\dev\failsafe\failsafe\3.3.0\failsafe-3.3.0.jar;C:\Users\Home\.m2\repository\org\seleniumhq\selenium\selenium-ie-driver\4.7.2\selenium-ie-driver-4.7.2.jar;C:\Users\Home\.m2\repository\org\seleniumhq\selenium\selenium-remote-driver\4.7.2\selenium-remote-driver-4.7.2.jar;C:\Users\Home\.m2\repository\io\netty\netty-buffer\4.1.84.Final\netty-buffer-4.1.84.Final.jar;C:\Users\Home\.m2\repository\io\netty\netty-codec-http\4.1.84.Final\netty-codec-http-4.1.84.Final.jar;C:\Users\Home\.m2\repository\io\netty\netty-codec\4.1.84.Final\netty-codec-4.1.84.Final.jar;C:\Users\Home\.m2\repository\io\netty\netty-handler\4.1.84.Final\netty-handler-4.1.84.Final.jar;C:\Users\Home\.m2\repository\io\netty\netty-common\4.1.84.Final\netty-common-4.1.84.Final.jar;C:\Users\Home\.m2\repository\io\netty\netty-transport-classes-epoll\4.1.84.Final\netty-transport-classes-epoll-4.1.84.Final.jar;C:\Users\Home\.m2\repository\io\netty\netty-transport-classes-kqueue\4.1.84.Final\netty-transport-classes-kqueue-4.1.84.Final.jar;C:\Users\Home\.m2\repository\io\netty\netty-transport-native-epoll\4.1.84.Final\netty-transport-native-epoll-4.1.84.Final.jar;C:\Users\Home\.m2\repository\io\netty\netty-transport-native-kqueue\4.1.84.Final\netty-transport-native-kqueue-4.1.84.Final.jar;C:\Users\Home\.m2\repository\io\netty\netty-transport-native-unix-common\4.1.84.Final\netty-transport-native-unix-common-4.1.84.Final.jar;C:\Users\Home\.m2\repository\io\netty\netty-transport\4.1.84.Final\netty-transport-4.1.84.Final.jar;C:\Users\Home\.m2\repository\io\netty\netty-resolver\4.1.84.Final\netty-resolver-4.1.84.Final.jar;C:\Users\Home\.m2\repository\io\opentelemetry\opentelemetry-api\1.19.0\opentelemetry-api-1.19.0.jar;C:\Users\Home\.m2\repository\io\opentelemetry\opentelemetry-context\1.19.0\opentelemetry-context-1.19.0.jar;C:\Users\Home\.m2\repository\io\opentelemetry\opentelemetry-exporter-logging\1.19.0\opentelemetry-exporter-logging-1.19.0.jar;C:\Users\Home\.m2\repository\io\opentelemetry\opentelemetry-sdk-metrics\1.19.0\opentelemetry-sdk-metrics-1.19.0.jar;C:\Users\Home\.m2\repository\io\opentelemetry\opentelemetry-sdk-logs\1.19.0-alpha\opentelemetry-sdk-logs-1.19.0-alpha.jar;C:\Users\Home\.m2\repository\io\opentelemetry\opentelemetry-api-logs\1.19.0-alpha\opentelemetry-api-logs-1.19.0-alpha.jar;C:\Users\Home\.m2\repository\io\opentelemetry\opentelemetry-sdk-common\1.19.0\opentelemetry-sdk-common-1.19.0.jar;C:\Users\Home\.m2\repository\io\opentelemetry\opentelemetry-sdk-extension-autoconfigure-spi\1.19.0\opentelemetry-sdk-extension-autoconfigure-spi-1.19.0.jar;C:\Users\Home\.m2\repository\io\opentelemetry\opentelemetry-sdk-extension-autoconfigure\1.19.0-alpha\opentelemetry-sdk-extension-autoconfigure-1.19.0-alpha.jar;C:\Users\Home\.m2\repository\io\opentelemetry\opentelemetry-exporter-common\1.19.0\opentelemetry-exporter-common-1.19.0.jar;C:\Users\Home\.m2\repository\io\opentelemetry\opentelemetry-sdk-trace\1.19.0\opentelemetry-sdk-trace-1.19.0.jar;C:\Users\Home\.m2\repository\io\opentelemetry\opentelemetry-sdk\1.19.0\opentelemetry-sdk-1.19.0.jar;C:\Users\Home\.m2\repository\io\opentelemetry\opentelemetry-semconv\1.19.0-alpha\opentelemetry-semconv-1.19.0-alpha.jar;C:\Users\Home\.m2\repository\io\ous\jtoml\2.0.0\jtoml-2.0.0.jar;C:\Users\Home\.m2\repository\net\bytebuddy\byte-buddy\1.12.18\byte-buddy-1.12.18.jar;C:\Users\Home\.m2\repository\org\apache\commons\commons-exec\1.3\commons-exec-1.3.jar;C:\Users\Home\.m2\repository\org\asynchttpclient\async-http-client\2.12.3\async-http-client-2.12.3.jar;C:\Users\Home\.m2\repository\org\asynchttpclient\async-http-client-netty-utils\2.12.3\async-http-client-netty-utils-2.12.3.jar;C:\Users\Home\.m2\repository\io\netty\netty-codec-socks\4.1.60.Final\netty-codec-socks-4.1.60.Final.jar;C:\Users\Home\.m2\repository\io\netty\netty-handler-proxy\4.1.60.Final\netty-handler-proxy-4.1.60.Final.jar;C:\Users\Home\.m2\repository\io\netty\netty-transport-native-epoll\4.1.60.Final\netty-transport-native-epoll-4.1.60.Final-linux-x86_64.jar;C:\Users\Home\.m2\repository\io\netty\netty-transport-native-kqueue\4.1.60.Final\netty-transport-native-kqueue-4.1.60.Final-osx-x86_64.jar;C:\Users\Home\.m2\repository\org\reactivestreams\reactive-streams\1.0.3\reactive-streams-1.0.3.jar;C:\Users\Home\.m2\repository\com\typesafe\netty\netty-reactive-streams\2.0.4\netty-reactive-streams-2.0.4.jar;C:\Users\Home\.m2\repository\com\sun\activation\jakarta.activation\1.2.2\jakarta.activation-1.2.2.jar;C:\Users\Home\.m2\repository\org\seleniumhq\selenium\selenium-manager\4.7.2\selenium-manager-4.7.2.jar;C:\Users\Home\.m2\repository\org\seleniumhq\selenium\selenium-safari-driver\4.7.2\selenium-safari-driver-4.7.2.jar;C:\Users\Home\.m2\repository\org\seleniumhq\selenium\selenium-support\4.7.2\selenium-support-4.7.2.jar;C:\Users\Home\.m2\repository\io\github\bonigarcia\webdrivermanager\5.3.1\webdrivermanager-5.3.1.jar;C:\Users\Home\.m2\repository\org\slf4j\slf4j-api\2.0.3\slf4j-api-2.0.3.jar;C:\Users\Home\.m2\repository\com\google\code\gson\gson\2.10\gson-2.10.jar;C:\Users\Home\.m2\repository\com\github\docker-java\docker-java\3.2.13\docker-java-3.2.13.jar;C:\Users\Home\.m2\repository\com\github\docker-java\docker-java-core\3.2.13\docker-java-core-3.2.13.jar;C:\Users\Home\.m2\repository\com\github\docker-java\docker-java-api\3.2.13\docker-java-api-3.2.13.jar;C:\Users\Home\.m2\repository\com\fasterxml\jackson\core\jackson-annotations\2.10.3\jackson-annotations-2.10.3.jar;C:\Users\Home\.m2\repository\commons-io\commons-io\2.6\commons-io-2.6.jar;C:\Users\Home\.m2\repository\org\apache\commons\commons-compress\1.21\commons-compress-1.21.jar;C:\Users\Home\.m2\repository\com\fasterxml\jackson\core\jackson-databind\2.10.3\jackson-databind-2.10.3.jar;C:\Users\Home\.m2\repository\com\fasterxml\jackson\core\jackson-core\2.10.3\jackson-core-2.10.3.jar;C:\Users\Home\.m2\repository\org\bouncycastle\bcpkix-jdk15on\1.64\bcpkix-jdk15on-1.64.jar;C:\Users\Home\.m2\repository\org\bouncycastle\bcprov-jdk15on\1.64\bcprov-jdk15on-1.64.jar;C:\Users\Home\.m2\repository\org\slf4j\jcl-over-slf4j\1.7.30\jcl-over-slf4j-1.7.30.jar;C:\Users\Home\.m2\repository\com\github\docker-java\docker-java-transport-httpclient5\3.2.13\docker-java-transport-httpclient5-3.2.13.jar;C:\Users\Home\.m2\repository\com\github\docker-java\docker-java-transport\3.2.13\docker-java-transport-3.2.13.jar;C:\Users\Home\.m2\repository\net\java\dev\jna\jna\5.8.0\jna-5.8.0.jar;C:\Users\Home\.m2\repository\org\brotli\dec\0.1.2\dec-0.1.2.jar;C:\Users\Home\.m2\repository\org\apache\commons\commons-lang3\3.12.0\commons-lang3-3.12.0.jar;C:\Users\Home\.m2\repository\org\apache\httpcomponents\client5\httpclient5\5.1.3\httpclient5-5.1.3.jar;C:\Users\Home\.m2\repository\org\apache\httpcomponents\core5\httpcore5\5.1.3\httpcore5-5.1.3.jar;C:\Users\Home\.m2\repository\org\apache\httpcomponents\core5\httpcore5-h2\5.1.3\httpcore5-h2-5.1.3.jar;C:\Users\Home\.m2\repository\commons-codec\commons-codec\1.15\commons-codec-1.15.jar;C:\Users\Home\.m2\repository\org\testng\testng\7.7.1\testng-7.7.1.jar;C:\Users\Home\.m2\repository\com\beust\jcommander\1.82\jcommander-1.82.jar;C:\Users\Home\.m2\repository\org\webjars\jquery\3.6.1\jquery-3.6.1.jar;C:\Users\Home\.m2\repository\org\seleniumhq\selenium\selenium-edge-driver\4.7.2\selenium-edge-driver-4.7.2.jar;C:\Users\Home\.m2\repository\com\google\auto\service\auto-service-annotations\1.0.1\auto-service-annotations-1.0.1.jar;C:\Users\Home\.m2\repository\com\google\auto\service\auto-service\1.0.1\auto-service-1.0.1.jar;C:\Users\Home\.m2\repository\com\google\auto\auto-common\1.2\auto-common-1.2.jar;C:\Users\Home\.m2\repository\com\google\guava\guava\31.1-jre\guava-31.1-jre.jar;C:\Users\Home\.m2\repository\com\google\guava\failureaccess\1.0.1\failureaccess-1.0.1.jar;C:\Users\Home\.m2\repository\com\google\guava\listenablefuture\9999.0-empty-to-avoid-conflict-with-guava\listenablefuture-9999.0-empty-to-avoid-conflict-with-guava.jar;C:\Users\Home\.m2\repository\com\google\code\findbugs\jsr305\3.0.2\jsr305-3.0.2.jar;C:\Users\Home\.m2\repository\org\checkerframework\checker-qual\3.12.0\checker-qual-3.12.0.jar;C:\Users\Home\.m2\repository\com\google\errorprone\error_prone_annotations\2.11.0\error_prone_annotations-2.11.0.jar;C:\Users\Home\.m2\repository\com\google\j2objc\j2objc-annotations\1.3\j2objc-annotations-1.3.jar;C:\Users\Home\.m2\repository\org\seleniumhq\selenium\selenium-chromium-driver\4.7.2\selenium-chromium-driver-4.7.2.jar
Launcher Type: SUN_STANDARD

[Global flags]
     intx CICompilerCount                          = 12                                        {product} {ergonomic}
     uint ConcGCThreads                            = 3                                         {product} {ergonomic}
     uint G1ConcRefinementThreads                  = 13                                        {product} {ergonomic}
   size_t G1HeapRegionSize                         = 2097152                                   {product} {ergonomic}
    uintx GCDrainStackTargetSize                   = 64                                        {product} {ergonomic}
   size_t InitialHeapSize                          = 260046848                                 {product} {ergonomic}
   size_t MarkStackSize                            = 4194304                                   {product} {ergonomic}
   size_t MaxHeapSize                              = 4135583744                                {product} {ergonomic}
   size_t MaxNewSize                               = 2480930816                                {product} {ergonomic}
   size_t MinHeapDeltaBytes                        = 2097152                                   {product} {ergonomic}
   size_t MinHeapSize                              = 8388608                                   {product} {ergonomic}
    uintx NonNMethodCodeHeapSize                   = 7602480                                {pd product} {ergonomic}
    uintx NonProfiledCodeHeapSize                  = 122027880                              {pd product} {ergonomic}
    uintx ProfiledCodeHeapSize                     = 122027880                              {pd product} {ergonomic}
    uintx ReservedCodeCacheSize                    = 251658240                              {pd product} {ergonomic}
     bool SegmentedCodeCache                       = true                                      {product} {ergonomic}
   size_t SoftMaxHeapSize                          = 4135583744                             {manageable} {ergonomic}
     bool UseCompressedClassPointers               = true                           {product lp64_product} {ergonomic}
     bool UseCompressedOops                        = true                           {product lp64_product} {ergonomic}
     bool UseG1GC                                  = true                                      {product} {ergonomic}
     bool UseLargePagesIndividualAllocation        = false                                  {pd product} {ergonomic}

Logging:
Log output configuration:
 #0: stdout all=warning uptime,level,tags foldmultilines=false
 #1: stderr all=off uptime,level,tags foldmultilines=false

Environment Variables:
PATH=C:\Program Files\Common Files\Oracle\Java\javapath;C:\Windows\system32;C:\Windows;C:\Windows\System32\Wbem;C:\Windows\System32\WindowsPowerShell\v1.0\;C:\Windows\System32\OpenSSH\;C:\Program Files\NVIDIA Corporation\NVIDIA NvDLISR;C:\Program Files (x86)\NVIDIA Corporation\PhysX\Common;C:\Program Files\Git\cmd;C:\WINDOWS\system32;C:\WINDOWS;C:\WINDOWS\System32\Wbem;C:\WINDOWS\System32\WindowsPowerShell\v1.0\;C:\WINDOWS\System32\OpenSSH\;C:\Users\Home\AppData\Local\Microsoft\WindowsApps;;C:\Program Files\JetBrains\IntelliJ IDEA Community Edition 2022.2.3\bin;;C:\Users\Home\AppData\Local\Programs\Microsoft VS Code\bin
USERNAME=Home
OS=Windows_NT
PROCESSOR_IDENTIFIER=AMD64 Family 25 Model 80 Stepping 0, AuthenticAMD
TMP=C:\Users\Home\AppData\Local\Temp
TEMP=C:\Users\Home\AppData\Local\Temp



---------------  S Y S T E M  ---------------

OS:
 Windows 11 , 64 bit Build 22621 (10.0.22621.1105)
OS uptime: 10 days 1:42 hours
Hyper-V role detected

CPU: total 16 (initial active 16) (16 cores per cpu, 2 threads per core) family 25 model 80 stepping 0 microcode 0x0, cx8, cmov, fxsr, ht, mmx, 3dnowpref, sse, sse2, sse3, ssse3, sse4a, sse4.1, sse4.2, popcnt, lzcnt, tsc, tscinvbit, avx, avx2, aes, erms, clmul, bmi1, bmi2, adx, sha, fma, vzeroupper, clflush, clflushopt, hv, rdtscp, rdpid, fsrm

Memory: 4k page, system-wide physical 15775M (1087M free)
TotalPageFile size 28177M (AvailPageFile size 5M)
current process WorkingSet (physical memory assigned to process): 99M, peak: 99M
current process commit charge ("private bytes"): 380M, peak: 380M

vm_info: OpenJDK 64-Bit Server VM (19+36-2238) for windows-amd64 JRE (19+36-2238), built on 2022-08-12T20:29:01Z by "mach5one" with MS VC++ 17.1 (VS2022)

END.
